[0.008s] Invoking command in '/home/ejaz/mobile_ws/build/yahboom_rosmaster': CMAKE_PREFIX_PATH=${CMAKE_PREFIX_PATH}:/opt/ros/humble /usr/bin/cmake /home/ejaz/mobile_ws/src/yahboom_rosmaster/yahboom_rosmaster -DCMAKE_INSTALL_PREFIX=/home/ejaz/mobile_ws/install/yahboom_rosmaster
[0.041s] -- The C compiler identification is GNU 11.4.0
[0.071s] -- The CXX compiler identification is GNU 11.4.0
[0.075s] -- Detecting C compiler ABI info
[0.117s] -- Detecting C compiler ABI info - done
[0.121s] -- Check for working C compiler: /usr/bin/cc - skipped
[0.121s] -- Detecting C compile features
[0.122s] -- Detecting C compile features - done
[0.123s] -- Detecting CXX compiler ABI info
[0.170s] -- Detecting CXX compiler ABI info - done
[0.174s] -- Check for working CXX compiler: /usr/bin/c++ - skipped
[0.174s] -- Detecting CXX compile features
[0.174s] -- Detecting CXX compile features - done
[0.175s] -- Found ament_cmake: 1.3.11 (/opt/ros/humble/share/ament_cmake/cmake)
[0.260s] -- Found Python3: /usr/bin/python3 (found version "3.10.12") found components: Interpreter 
[0.305s] -- Found ament_lint_auto: 0.12.12 (/opt/ros/humble/share/ament_lint_auto/cmake)
[0.347s] -- Added test 'lint_cmake' to check CMake code style
[0.347s] -- Added test 'xmllint' to check XML markup files
[0.348s] -- Configuring done
[0.349s] -- Generating done
[0.351s] -- Build files have been written to: /home/ejaz/mobile_ws/build/yahboom_rosmaster
[0.352s] Invoked command in '/home/ejaz/mobile_ws/build/yahboom_rosmaster' returned '0': CMAKE_PREFIX_PATH=${CMAKE_PREFIX_PATH}:/opt/ros/humble /usr/bin/cmake /home/ejaz/mobile_ws/src/yahboom_rosmaster/yahboom_rosmaster -DCMAKE_INSTALL_PREFIX=/home/ejaz/mobile_ws/install/yahboom_rosmaster
[0.353s] Invoking command in '/home/ejaz/mobile_ws/build/yahboom_rosmaster': CMAKE_PREFIX_PATH=${CMAKE_PREFIX_PATH}:/opt/ros/humble /usr/bin/cmake --build /home/ejaz/mobile_ws/build/yahboom_rosmaster -- -j16 -l16
[0.380s] Invoked command in '/home/ejaz/mobile_ws/build/yahboom_rosmaster' returned '0': CMAKE_PREFIX_PATH=${CMAKE_PREFIX_PATH}:/opt/ros/humble /usr/bin/cmake --build /home/ejaz/mobile_ws/build/yahboom_rosmaster -- -j16 -l16
[0.381s] Invoking command in '/home/ejaz/mobile_ws/build/yahboom_rosmaster': CMAKE_PREFIX_PATH=${CMAKE_PREFIX_PATH}:/opt/ros/humble /usr/bin/cmake --install /home/ejaz/mobile_ws/build/yahboom_rosmaster
[0.384s] -- Install configuration: ""
[0.384s] -- Installing: /home/ejaz/mobile_ws/install/yahboom_rosmaster/share/ament_index/resource_index/package_run_dependencies/yahboom_rosmaster
[0.384s] -- Installing: /home/ejaz/mobile_ws/install/yahboom_rosmaster/share/ament_index/resource_index/parent_prefix_path/yahboom_rosmaster
[0.384s] -- Installing: /home/ejaz/mobile_ws/install/yahboom_rosmaster/share/yahboom_rosmaster/environment/ament_prefix_path.sh
[0.384s] -- Installing: /home/ejaz/mobile_ws/install/yahboom_rosmaster/share/yahboom_rosmaster/environment/ament_prefix_path.dsv
[0.384s] -- Installing: /home/ejaz/mobile_ws/install/yahboom_rosmaster/share/yahboom_rosmaster/environment/path.sh
[0.384s] -- Installing: /home/ejaz/mobile_ws/install/yahboom_rosmaster/share/yahboom_rosmaster/environment/path.dsv
[0.384s] -- Installing: /home/ejaz/mobile_ws/install/yahboom_rosmaster/share/yahboom_rosmaster/local_setup.bash
[0.384s] -- Installing: /home/ejaz/mobile_ws/install/yahboom_rosmaster/share/yahboom_rosmaster/local_setup.sh
[0.384s] -- Installing: /home/ejaz/mobile_ws/install/yahboom_rosmaster/share/yahboom_rosmaster/local_setup.zsh
[0.384s] -- Installing: /home/ejaz/mobile_ws/install/yahboom_rosmaster/share/yahboom_rosmaster/local_setup.dsv
[0.384s] -- Installing: /home/ejaz/mobile_ws/install/yahboom_rosmaster/share/yahboom_rosmaster/package.dsv
[0.384s] -- Installing: /home/ejaz/mobile_ws/install/yahboom_rosmaster/share/ament_index/resource_index/packages/yahboom_rosmaster
[0.385s] -- Installing: /home/ejaz/mobile_ws/install/yahboom_rosmaster/share/yahboom_rosmaster/cmake/yahboom_rosmasterConfig.cmake
[0.385s] -- Installing: /home/ejaz/mobile_ws/install/yahboom_rosmaster/share/yahboom_rosmaster/cmake/yahboom_rosmasterConfig-version.cmake
[0.385s] -- Installing: /home/ejaz/mobile_ws/install/yahboom_rosmaster/share/yahboom_rosmaster/package.xml
[0.386s] Invoked command in '/home/ejaz/mobile_ws/build/yahboom_rosmaster' returned '0': CMAKE_PREFIX_PATH=${CMAKE_PREFIX_PATH}:/opt/ros/humble /usr/bin/cmake --install /home/ejaz/mobile_ws/build/yahboom_rosmaster
