-- The C compiler identification is GNU 11.4.0
-- The CXX compiler identification is GNU 11.4.0
-- Detecting C compiler ABI info
-- Detecting C compiler ABI info - done
-- Check for working C compiler: /usr/bin/cc - skipped
-- Detecting C compile features
-- Detecting C compile features - done
-- Detecting CXX compiler ABI info
-- Detecting CXX compiler ABI info - done
-- Check for working CXX compiler: /usr/bin/c++ - skipped
-- Detecting CXX compile features
-- Detecting CXX compile features - done
-- Found ament_cmake: 1.3.11 (/opt/ros/humble/share/ament_cmake/cmake)
-- Found Python3: /usr/bin/python3 (found version "3.10.12") found components: Interpreter 
-- Found ament_lint_auto: 0.12.12 (/opt/ros/humble/share/ament_lint_auto/cmake)
-- Added test 'lint_cmake' to check CMake code style
-- Added test 'xmllint' to check XML markup files
-- Configuring done
-- Generating done
-- Build files have been written to: /home/ejaz/mobile_ws/build/yahboom_rosmaster
-- Install configuration: ""
-- Installing: /home/ejaz/mobile_ws/install/yahboom_rosmaster/share/ament_index/resource_index/package_run_dependencies/yahboom_rosmaster
-- Installing: /home/ejaz/mobile_ws/install/yahboom_rosmaster/share/ament_index/resource_index/parent_prefix_path/yahboom_rosmaster
-- Installing: /home/ejaz/mobile_ws/install/yahboom_rosmaster/share/yahboom_rosmaster/environment/ament_prefix_path.sh
-- Installing: /home/ejaz/mobile_ws/install/yahboom_rosmaster/share/yahboom_rosmaster/environment/ament_prefix_path.dsv
-- Installing: /home/ejaz/mobile_ws/install/yahboom_rosmaster/share/yahboom_rosmaster/environment/path.sh
-- Installing: /home/ejaz/mobile_ws/install/yahboom_rosmaster/share/yahboom_rosmaster/environment/path.dsv
-- Installing: /home/ejaz/mobile_ws/install/yahboom_rosmaster/share/yahboom_rosmaster/local_setup.bash
-- Installing: /home/ejaz/mobile_ws/install/yahboom_rosmaster/share/yahboom_rosmaster/local_setup.sh
-- Installing: /home/ejaz/mobile_ws/install/yahboom_rosmaster/share/yahboom_rosmaster/local_setup.zsh
-- Installing: /home/ejaz/mobile_ws/install/yahboom_rosmaster/share/yahboom_rosmaster/local_setup.dsv
-- Installing: /home/ejaz/mobile_ws/install/yahboom_rosmaster/share/yahboom_rosmaster/package.dsv
-- Installing: /home/ejaz/mobile_ws/install/yahboom_rosmaster/share/ament_index/resource_index/packages/yahboom_rosmaster
-- Installing: /home/ejaz/mobile_ws/install/yahboom_rosmaster/share/yahboom_rosmaster/cmake/yahboom_rosmasterConfig.cmake
-- Installing: /home/ejaz/mobile_ws/install/yahboom_rosmaster/share/yahboom_rosmaster/cmake/yahboom_rosmasterConfig-version.cmake
-- Installing: /home/ejaz/mobile_ws/install/yahboom_rosmaster/share/yahboom_rosmaster/package.xml
