[0.009s] Invoking command in '/home/ejaz/mobile_ws/build/yahboom_rosmaster': CMAKE_PREFIX_PATH=${CMAKE_PREFIX_PATH}:/opt/ros/humble /usr/bin/cmake /home/ejaz/mobile_ws/src/yahboom_rosmaster/yahboom_rosmaster -DCMAKE_INSTALL_PREFIX=/home/ejaz/mobile_ws/install/yahboom_rosmaster
[0.079s] -- The C compiler identification is GNU 11.4.0
[0.125s] -- The CXX compiler identification is GNU 11.4.0
[0.130s] -- Detecting C compiler ABI info
[0.175s] -- Detecting C compiler ABI info - done
[0.179s] -- Check for working C compiler: /usr/bin/cc - skipped
[0.180s] -- Detecting C compile features
[0.180s] -- Detecting C compile features - done
[0.182s] -- Detecting CXX compiler ABI info
[0.226s] -- Detecting CXX compiler ABI info - done
[0.230s] -- Check for working CXX compiler: /usr/bin/c++ - skipped
[0.230s] -- Detecting CXX compile features
[0.231s] -- Detecting CXX compile features - done
[0.233s] -- Found ament_cmake: 1.3.11 (/opt/ros/humble/share/ament_cmake/cmake)
[0.327s] -- Found Python3: /usr/bin/python3 (found version "3.10.12") found components: Interpreter 
[0.384s] -- Found ament_lint_auto: 0.12.12 (/opt/ros/humble/share/ament_lint_auto/cmake)
[0.428s] -- Added test 'lint_cmake' to check CMake code style
[0.429s] -- Added test 'xmllint' to check XML markup files
[0.430s] -- Configuring done
[0.431s] -- Generating done
[0.431s] -- Build files have been written to: /home/ejaz/mobile_ws/build/yahboom_rosmaster
[0.434s] Invoked command in '/home/ejaz/mobile_ws/build/yahboom_rosmaster' returned '0': CMAKE_PREFIX_PATH=${CMAKE_PREFIX_PATH}:/opt/ros/humble /usr/bin/cmake /home/ejaz/mobile_ws/src/yahboom_rosmaster/yahboom_rosmaster -DCMAKE_INSTALL_PREFIX=/home/ejaz/mobile_ws/install/yahboom_rosmaster
[0.435s] Invoking command in '/home/ejaz/mobile_ws/build/yahboom_rosmaster': CMAKE_PREFIX_PATH=${CMAKE_PREFIX_PATH}:/opt/ros/humble /usr/bin/cmake --build /home/ejaz/mobile_ws/build/yahboom_rosmaster -- -j16 -l16
[0.465s] Invoked command in '/home/ejaz/mobile_ws/build/yahboom_rosmaster' returned '0': CMAKE_PREFIX_PATH=${CMAKE_PREFIX_PATH}:/opt/ros/humble /usr/bin/cmake --build /home/ejaz/mobile_ws/build/yahboom_rosmaster -- -j16 -l16
[0.465s] Invoking command in '/home/ejaz/mobile_ws/build/yahboom_rosmaster': CMAKE_PREFIX_PATH=${CMAKE_PREFIX_PATH}:/opt/ros/humble /usr/bin/cmake --install /home/ejaz/mobile_ws/build/yahboom_rosmaster
[0.469s] -- Install configuration: ""
[0.470s] -- Installing: /home/ejaz/mobile_ws/install/yahboom_rosmaster/share/ament_index/resource_index/package_run_dependencies/yahboom_rosmaster
[0.470s] -- Installing: /home/ejaz/mobile_ws/install/yahboom_rosmaster/share/ament_index/resource_index/parent_prefix_path/yahboom_rosmaster
[0.470s] -- Installing: /home/ejaz/mobile_ws/install/yahboom_rosmaster/share/yahboom_rosmaster/environment/ament_prefix_path.sh
[0.470s] -- Installing: /home/ejaz/mobile_ws/install/yahboom_rosmaster/share/yahboom_rosmaster/environment/ament_prefix_path.dsv
[0.470s] -- Installing: /home/ejaz/mobile_ws/install/yahboom_rosmaster/share/yahboom_rosmaster/environment/path.sh
[0.470s] -- Installing: /home/ejaz/mobile_ws/install/yahboom_rosmaster/share/yahboom_rosmaster/environment/path.dsv
[0.470s] -- Installing: /home/ejaz/mobile_ws/install/yahboom_rosmaster/share/yahboom_rosmaster/local_setup.bash
[0.470s] -- Installing: /home/ejaz/mobile_ws/install/yahboom_rosmaster/share/yahboom_rosmaster/local_setup.sh
[0.470s] -- Installing: /home/ejaz/mobile_ws/install/yahboom_rosmaster/share/yahboom_rosmaster/local_setup.zsh
[0.470s] -- Installing: /home/ejaz/mobile_ws/install/yahboom_rosmaster/share/yahboom_rosmaster/local_setup.dsv
[0.470s] -- Installing: /home/ejaz/mobile_ws/install/yahboom_rosmaster/share/yahboom_rosmaster/package.dsv
[0.470s] -- Installing: /home/ejaz/mobile_ws/install/yahboom_rosmaster/share/ament_index/resource_index/packages/yahboom_rosmaster
[0.470s] -- Installing: /home/ejaz/mobile_ws/install/yahboom_rosmaster/share/yahboom_rosmaster/cmake/yahboom_rosmasterConfig.cmake
[0.470s] -- Installing: /home/ejaz/mobile_ws/install/yahboom_rosmaster/share/yahboom_rosmaster/cmake/yahboom_rosmasterConfig-version.cmake
[0.470s] -- Installing: /home/ejaz/mobile_ws/install/yahboom_rosmaster/share/yahboom_rosmaster/package.xml
[0.471s] Invoked command in '/home/ejaz/mobile_ws/build/yahboom_rosmaster' returned '0': CMAKE_PREFIX_PATH=${CMAKE_PREFIX_PATH}:/opt/ros/humble /usr/bin/cmake --install /home/ejaz/mobile_ws/build/yahboom_rosmaster
