[0.005s] Invoking command in '/home/ejaz/mobile_ws/build/yahboom_rosmaster_description': CMAKE_PREFIX_PATH=${CMAKE_PREFIX_PATH}:/opt/ros/humble /usr/bin/cmake /home/ejaz/mobile_ws/src/yahboom_rosmaster/yahboom_rosmaster_description -DCMAKE_INSTALL_PREFIX=/home/ejaz/mobile_ws/install/yahboom_rosmaster_description
[0.036s] -- The C compiler identification is GNU 11.4.0
[0.066s] -- The CXX compiler identification is GNU 11.4.0
[0.070s] -- Detecting C compiler ABI info
[0.112s] -- Detecting C compiler ABI info - done
[0.117s] -- Check for working C compiler: /usr/bin/cc - skipped
[0.117s] -- Detecting C compile features
[0.118s] -- Detecting C compile features - done
[0.119s] -- Detecting CXX compiler ABI info
[0.162s] -- Detecting CXX compiler ABI info - done
[0.166s] -- Check for working CXX compiler: /usr/bin/c++ - skipped
[0.166s] -- Detecting CXX compile features
[0.166s] -- Detecting CXX compile features - done
[0.167s] -- Found ament_cmake: 1.3.11 (/opt/ros/humble/share/ament_cmake/cmake)
[0.252s] -- Found Python3: /usr/bin/python3 (found version "3.10.12") found components: Interpreter 
[0.298s] -- Found urdf_tutorial: 1.1.0 (/opt/ros/humble/share/urdf_tutorial/cmake)
[0.298s] -- Found ament_lint_auto: 0.12.12 (/opt/ros/humble/share/ament_lint_auto/cmake)
[0.339s] -- Added test 'flake8' to check Python code syntax and style conventions
[0.339s] -- Added test 'lint_cmake' to check CMake code style
[0.339s] -- Added test 'pep257' to check Python code against some of the docstring style conventions in PEP 257
[0.340s] -- Added test 'xmllint' to check XML markup files
[0.341s] -- Configuring done
[0.342s] -- Generating done
[0.343s] -- Build files have been written to: /home/ejaz/mobile_ws/build/yahboom_rosmaster_description
[0.346s] Invoked command in '/home/ejaz/mobile_ws/build/yahboom_rosmaster_description' returned '0': CMAKE_PREFIX_PATH=${CMAKE_PREFIX_PATH}:/opt/ros/humble /usr/bin/cmake /home/ejaz/mobile_ws/src/yahboom_rosmaster/yahboom_rosmaster_description -DCMAKE_INSTALL_PREFIX=/home/ejaz/mobile_ws/install/yahboom_rosmaster_description
[0.347s] Invoking command in '/home/ejaz/mobile_ws/build/yahboom_rosmaster_description': CMAKE_PREFIX_PATH=${CMAKE_PREFIX_PATH}:/opt/ros/humble /usr/bin/cmake --build /home/ejaz/mobile_ws/build/yahboom_rosmaster_description -- -j16 -l16
[0.369s] Invoked command in '/home/ejaz/mobile_ws/build/yahboom_rosmaster_description' returned '0': CMAKE_PREFIX_PATH=${CMAKE_PREFIX_PATH}:/opt/ros/humble /usr/bin/cmake --build /home/ejaz/mobile_ws/build/yahboom_rosmaster_description -- -j16 -l16
[0.375s] Invoking command in '/home/ejaz/mobile_ws/build/yahboom_rosmaster_description': CMAKE_PREFIX_PATH=${CMAKE_PREFIX_PATH}:/opt/ros/humble /usr/bin/cmake --install /home/ejaz/mobile_ws/build/yahboom_rosmaster_description
[0.379s] -- Install configuration: ""
[0.379s] -- Installing: /home/ejaz/mobile_ws/install/yahboom_rosmaster_description/share/yahboom_rosmaster_description/launch
[0.379s] -- Installing: /home/ejaz/mobile_ws/install/yahboom_rosmaster_description/share/yahboom_rosmaster_description/launch/robot_state_publisher.launch.py
[0.379s] -- Installing: /home/ejaz/mobile_ws/install/yahboom_rosmaster_description/share/yahboom_rosmaster_description/meshes
[0.379s] -- Installing: /home/ejaz/mobile_ws/install/yahboom_rosmaster_description/share/yahboom_rosmaster_description/meshes/intel_realsense
[0.379s] -- Installing: /home/ejaz/mobile_ws/install/yahboom_rosmaster_description/share/yahboom_rosmaster_description/meshes/intel_realsense/visual
[0.379s] -- Installing: /home/ejaz/mobile_ws/install/yahboom_rosmaster_description/share/yahboom_rosmaster_description/meshes/intel_realsense/visual/d435.stl
[0.384s] -- Installing: /home/ejaz/mobile_ws/install/yahboom_rosmaster_description/share/yahboom_rosmaster_description/meshes/rosmaster_x3
[0.384s] -- Installing: /home/ejaz/mobile_ws/install/yahboom_rosmaster_description/share/yahboom_rosmaster_description/meshes/rosmaster_x3/visual
[0.385s] -- Installing: /home/ejaz/mobile_ws/install/yahboom_rosmaster_description/share/yahboom_rosmaster_description/meshes/rosmaster_x3/visual/front_left_wheel_X3.STL
[0.385s] -- Installing: /home/ejaz/mobile_ws/install/yahboom_rosmaster_description/share/yahboom_rosmaster_description/meshes/rosmaster_x3/visual/base_link_X3.STL
[0.386s] -- Installing: /home/ejaz/mobile_ws/install/yahboom_rosmaster_description/share/yahboom_rosmaster_description/meshes/rosmaster_x3/visual/front_right_wheel_X3.STL
[0.387s] -- Installing: /home/ejaz/mobile_ws/install/yahboom_rosmaster_description/share/yahboom_rosmaster_description/meshes/rosmaster_x3/visual/back_right_wheel_X3.STL
[0.388s] -- Installing: /home/ejaz/mobile_ws/install/yahboom_rosmaster_description/share/yahboom_rosmaster_description/meshes/rosmaster_x3/visual/laser_link.STL
[0.391s] -- Installing: /home/ejaz/mobile_ws/install/yahboom_rosmaster_description/share/yahboom_rosmaster_description/meshes/rosmaster_x3/visual/camera_link.STL
[0.391s] -- Installing: /home/ejaz/mobile_ws/install/yahboom_rosmaster_description/share/yahboom_rosmaster_description/meshes/rosmaster_x3/visual/back_left_wheel_X3.STL
[0.392s] -- Installing: /home/ejaz/mobile_ws/install/yahboom_rosmaster_description/share/yahboom_rosmaster_description/meshes/rplidar
[0.392s] -- Installing: /home/ejaz/mobile_ws/install/yahboom_rosmaster_description/share/yahboom_rosmaster_description/meshes/rplidar/rplidar_s2.stl
[0.393s] -- Installing: /home/ejaz/mobile_ws/install/yahboom_rosmaster_description/share/yahboom_rosmaster_description/urdf
[0.393s] -- Installing: /home/ejaz/mobile_ws/install/yahboom_rosmaster_description/share/yahboom_rosmaster_description/urdf/mech
[0.393s] -- Installing: /home/ejaz/mobile_ws/install/yahboom_rosmaster_description/share/yahboom_rosmaster_description/urdf/mech/mecanum_wheel.urdf.xacro
[0.393s] -- Installing: /home/ejaz/mobile_ws/install/yahboom_rosmaster_description/share/yahboom_rosmaster_description/urdf/mech/rosmaster_x3_base.urdf.xacro
[0.393s] -- Installing: /home/ejaz/mobile_ws/install/yahboom_rosmaster_description/share/yahboom_rosmaster_description/urdf/robots
[0.393s] -- Installing: /home/ejaz/mobile_ws/install/yahboom_rosmaster_description/share/yahboom_rosmaster_description/urdf/robots/rosmaster_x3.urdf.xacro
[0.393s] -- Installing: /home/ejaz/mobile_ws/install/yahboom_rosmaster_description/share/yahboom_rosmaster_description/urdf/control
[0.393s] -- Installing: /home/ejaz/mobile_ws/install/yahboom_rosmaster_description/share/yahboom_rosmaster_description/urdf/sensors
[0.393s] -- Installing: /home/ejaz/mobile_ws/install/yahboom_rosmaster_description/share/yahboom_rosmaster_description/urdf/sensors/lidar.urdf.xacro
[0.393s] -- Installing: /home/ejaz/mobile_ws/install/yahboom_rosmaster_description/share/yahboom_rosmaster_description/urdf/sensors/rgbd_camera.urdf.xacro
[0.393s] -- Installing: /home/ejaz/mobile_ws/install/yahboom_rosmaster_description/share/yahboom_rosmaster_description/urdf/sensors/imu.urdf.xacro
[0.393s] -- Installing: /home/ejaz/mobile_ws/install/yahboom_rosmaster_description/share/yahboom_rosmaster_description/rviz
[0.393s] -- Installing: /home/ejaz/mobile_ws/install/yahboom_rosmaster_description/share/yahboom_rosmaster_description/rviz/yahboom_rosmaster_description.rviz
[0.393s] -- Installing: /home/ejaz/mobile_ws/install/yahboom_rosmaster_description/share/ament_index/resource_index/package_run_dependencies/yahboom_rosmaster_description
[0.393s] -- Installing: /home/ejaz/mobile_ws/install/yahboom_rosmaster_description/share/ament_index/resource_index/parent_prefix_path/yahboom_rosmaster_description
[0.393s] -- Installing: /home/ejaz/mobile_ws/install/yahboom_rosmaster_description/share/yahboom_rosmaster_description/environment/ament_prefix_path.sh
[0.394s] -- Installing: /home/ejaz/mobile_ws/install/yahboom_rosmaster_description/share/yahboom_rosmaster_description/environment/ament_prefix_path.dsv
[0.394s] -- Installing: /home/ejaz/mobile_ws/install/yahboom_rosmaster_description/share/yahboom_rosmaster_description/environment/path.sh
[0.394s] -- Installing: /home/ejaz/mobile_ws/install/yahboom_rosmaster_description/share/yahboom_rosmaster_description/environment/path.dsv
[0.394s] -- Installing: /home/ejaz/mobile_ws/install/yahboom_rosmaster_description/share/yahboom_rosmaster_description/local_setup.bash
[0.394s] -- Installing: /home/ejaz/mobile_ws/install/yahboom_rosmaster_description/share/yahboom_rosmaster_description/local_setup.sh
[0.394s] -- Installing: /home/ejaz/mobile_ws/install/yahboom_rosmaster_description/share/yahboom_rosmaster_description/local_setup.zsh
[0.394s] -- Installing: /home/ejaz/mobile_ws/install/yahboom_rosmaster_description/share/yahboom_rosmaster_description/local_setup.dsv
[0.394s] -- Installing: /home/ejaz/mobile_ws/install/yahboom_rosmaster_description/share/yahboom_rosmaster_description/package.dsv
[0.394s] -- Installing: /home/ejaz/mobile_ws/install/yahboom_rosmaster_description/share/ament_index/resource_index/packages/yahboom_rosmaster_description
[0.394s] -- Installing: /home/ejaz/mobile_ws/install/yahboom_rosmaster_description/share/yahboom_rosmaster_description/cmake/yahboom_rosmaster_descriptionConfig.cmake
[0.394s] -- Installing: /home/ejaz/mobile_ws/install/yahboom_rosmaster_description/share/yahboom_rosmaster_description/cmake/yahboom_rosmaster_descriptionConfig-version.cmake
[0.394s] -- Installing: /home/ejaz/mobile_ws/install/yahboom_rosmaster_description/share/yahboom_rosmaster_description/package.xml
[0.395s] Invoked command in '/home/ejaz/mobile_ws/build/yahboom_rosmaster_description' returned '0': CMAKE_PREFIX_PATH=${CMAKE_PREFIX_PATH}:/opt/ros/humble /usr/bin/cmake --install /home/ejaz/mobile_ws/build/yahboom_rosmaster_description
