[0.005s] Invoking command in '/home/ejaz/mobile_ws/build/yahboom_rosmaster_description': CMAKE_PREFIX_PATH=${CMAKE_PREFIX_PATH}:/opt/ros/humble /usr/bin/cmake /home/ejaz/mobile_ws/src/yahboom_rosmaster/yahboom_rosmaster_description -DCMAKE_INSTALL_PREFIX=/home/ejaz/mobile_ws/install/yahboom_rosmaster_description
[0.073s] -- The C compiler identification is GNU 11.4.0
[0.119s] -- The CXX compiler identification is GNU 11.4.0
[0.125s] -- Detecting C compiler ABI info
[0.168s] -- Detecting C compiler ABI info - done
[0.174s] -- Check for working C compiler: /usr/bin/cc - skipped
[0.175s] -- Detecting C compile features
[0.175s] -- Detecting C compile features - done
[0.177s] -- Detecting CXX compiler ABI info
[0.221s] -- Detecting CXX compiler ABI info - done
[0.228s] -- Check for working CXX compiler: /usr/bin/c++ - skipped
[0.228s] -- Detecting CXX compile features
[0.228s] -- Detecting CXX compile features - done
[0.229s] -- Found ament_cmake: 1.3.11 (/opt/ros/humble/share/ament_cmake/cmake)
[0.324s] -- Found Python3: /usr/bin/python3 (found version "3.10.12") found components: Interpreter 
[0.379s] -- Found urdf_tutorial: 1.1.0 (/opt/ros/humble/share/urdf_tutorial/cmake)
[0.380s] -- Found ament_lint_auto: 0.12.12 (/opt/ros/humble/share/ament_lint_auto/cmake)
[0.423s] -- Added test 'lint_cmake' to check CMake code style
[0.424s] -- Added test 'xmllint' to check XML markup files
[0.425s] -- Configuring done
[0.426s] -- Generating done
[0.427s] -- Build files have been written to: /home/ejaz/mobile_ws/build/yahboom_rosmaster_description
[0.430s] Invoked command in '/home/ejaz/mobile_ws/build/yahboom_rosmaster_description' returned '0': CMAKE_PREFIX_PATH=${CMAKE_PREFIX_PATH}:/opt/ros/humble /usr/bin/cmake /home/ejaz/mobile_ws/src/yahboom_rosmaster/yahboom_rosmaster_description -DCMAKE_INSTALL_PREFIX=/home/ejaz/mobile_ws/install/yahboom_rosmaster_description
[0.431s] Invoking command in '/home/ejaz/mobile_ws/build/yahboom_rosmaster_description': CMAKE_PREFIX_PATH=${CMAKE_PREFIX_PATH}:/opt/ros/humble /usr/bin/cmake --build /home/ejaz/mobile_ws/build/yahboom_rosmaster_description -- -j16 -l16
[0.453s] Invoked command in '/home/ejaz/mobile_ws/build/yahboom_rosmaster_description' returned '0': CMAKE_PREFIX_PATH=${CMAKE_PREFIX_PATH}:/opt/ros/humble /usr/bin/cmake --build /home/ejaz/mobile_ws/build/yahboom_rosmaster_description -- -j16 -l16
[0.459s] Invoking command in '/home/ejaz/mobile_ws/build/yahboom_rosmaster_description': CMAKE_PREFIX_PATH=${CMAKE_PREFIX_PATH}:/opt/ros/humble /usr/bin/cmake --install /home/ejaz/mobile_ws/build/yahboom_rosmaster_description
[0.464s] -- Install configuration: ""
[0.464s] -- Installing: /home/ejaz/mobile_ws/install/yahboom_rosmaster_description/share/yahboom_rosmaster_description/meshes
[0.464s] -- Installing: /home/ejaz/mobile_ws/install/yahboom_rosmaster_description/share/yahboom_rosmaster_description/meshes/intel_realsense
[0.464s] -- Installing: /home/ejaz/mobile_ws/install/yahboom_rosmaster_description/share/yahboom_rosmaster_description/meshes/intel_realsense/visual
[0.464s] -- Installing: /home/ejaz/mobile_ws/install/yahboom_rosmaster_description/share/yahboom_rosmaster_description/meshes/intel_realsense/visual/d435.stl
[0.473s] -- Installing: /home/ejaz/mobile_ws/install/yahboom_rosmaster_description/share/yahboom_rosmaster_description/meshes/rosmaster_x3
[0.473s] -- Installing: /home/ejaz/mobile_ws/install/yahboom_rosmaster_description/share/yahboom_rosmaster_description/meshes/rosmaster_x3/visual
[0.473s] -- Installing: /home/ejaz/mobile_ws/install/yahboom_rosmaster_description/share/yahboom_rosmaster_description/meshes/rosmaster_x3/visual/front_left_wheel_X3.STL
[0.475s] -- Installing: /home/ejaz/mobile_ws/install/yahboom_rosmaster_description/share/yahboom_rosmaster_description/meshes/rosmaster_x3/visual/base_link_X3.STL
[0.478s] -- Installing: /home/ejaz/mobile_ws/install/yahboom_rosmaster_description/share/yahboom_rosmaster_description/meshes/rosmaster_x3/visual/front_right_wheel_X3.STL
[0.480s] -- Installing: /home/ejaz/mobile_ws/install/yahboom_rosmaster_description/share/yahboom_rosmaster_description/meshes/rosmaster_x3/visual/back_right_wheel_X3.STL
[0.482s] -- Installing: /home/ejaz/mobile_ws/install/yahboom_rosmaster_description/share/yahboom_rosmaster_description/meshes/rosmaster_x3/visual/laser_link.STL
[0.488s] -- Installing: /home/ejaz/mobile_ws/install/yahboom_rosmaster_description/share/yahboom_rosmaster_description/meshes/rosmaster_x3/visual/camera_link.STL
[0.488s] -- Installing: /home/ejaz/mobile_ws/install/yahboom_rosmaster_description/share/yahboom_rosmaster_description/meshes/rosmaster_x3/visual/back_left_wheel_X3.STL
[0.490s] -- Installing: /home/ejaz/mobile_ws/install/yahboom_rosmaster_description/share/yahboom_rosmaster_description/meshes/rplidar
[0.490s] -- Installing: /home/ejaz/mobile_ws/install/yahboom_rosmaster_description/share/yahboom_rosmaster_description/meshes/rplidar/rplidar_s2.stl
[0.491s] -- Installing: /home/ejaz/mobile_ws/install/yahboom_rosmaster_description/share/yahboom_rosmaster_description/urdf
[0.491s] -- Installing: /home/ejaz/mobile_ws/install/yahboom_rosmaster_description/share/yahboom_rosmaster_description/urdf/mech
[0.491s] -- Installing: /home/ejaz/mobile_ws/install/yahboom_rosmaster_description/share/yahboom_rosmaster_description/urdf/mech/mecanum_wheel.urdf.xacro
[0.491s] -- Installing: /home/ejaz/mobile_ws/install/yahboom_rosmaster_description/share/yahboom_rosmaster_description/urdf/mech/rosmaster_x3_base.urdf.xacro
[0.491s] -- Installing: /home/ejaz/mobile_ws/install/yahboom_rosmaster_description/share/yahboom_rosmaster_description/urdf/robots
[0.491s] -- Installing: /home/ejaz/mobile_ws/install/yahboom_rosmaster_description/share/yahboom_rosmaster_description/urdf/robots/rosmaster_x3.urdf.xacro
[0.492s] -- Installing: /home/ejaz/mobile_ws/install/yahboom_rosmaster_description/share/yahboom_rosmaster_description/urdf/control
[0.492s] -- Installing: /home/ejaz/mobile_ws/install/yahboom_rosmaster_description/share/yahboom_rosmaster_description/urdf/sensors
[0.492s] -- Installing: /home/ejaz/mobile_ws/install/yahboom_rosmaster_description/share/yahboom_rosmaster_description/urdf/sensors/lidar.urdf.xacro
[0.492s] -- Installing: /home/ejaz/mobile_ws/install/yahboom_rosmaster_description/share/yahboom_rosmaster_description/urdf/sensors/rgbd_camera.urdf.xacro
[0.492s] -- Installing: /home/ejaz/mobile_ws/install/yahboom_rosmaster_description/share/yahboom_rosmaster_description/urdf/sensors/imu.urdf.xacro
[0.492s] -- Installing: /home/ejaz/mobile_ws/install/yahboom_rosmaster_description/share/ament_index/resource_index/package_run_dependencies/yahboom_rosmaster_description
[0.492s] -- Installing: /home/ejaz/mobile_ws/install/yahboom_rosmaster_description/share/ament_index/resource_index/parent_prefix_path/yahboom_rosmaster_description
[0.492s] -- Installing: /home/ejaz/mobile_ws/install/yahboom_rosmaster_description/share/yahboom_rosmaster_description/environment/ament_prefix_path.sh
[0.492s] -- Installing: /home/ejaz/mobile_ws/install/yahboom_rosmaster_description/share/yahboom_rosmaster_description/environment/ament_prefix_path.dsv
[0.492s] -- Installing: /home/ejaz/mobile_ws/install/yahboom_rosmaster_description/share/yahboom_rosmaster_description/environment/path.sh
[0.492s] -- Installing: /home/ejaz/mobile_ws/install/yahboom_rosmaster_description/share/yahboom_rosmaster_description/environment/path.dsv
[0.492s] -- Installing: /home/ejaz/mobile_ws/install/yahboom_rosmaster_description/share/yahboom_rosmaster_description/local_setup.bash
[0.492s] -- Installing: /home/ejaz/mobile_ws/install/yahboom_rosmaster_description/share/yahboom_rosmaster_description/local_setup.sh
[0.492s] -- Installing: /home/ejaz/mobile_ws/install/yahboom_rosmaster_description/share/yahboom_rosmaster_description/local_setup.zsh
[0.492s] -- Installing: /home/ejaz/mobile_ws/install/yahboom_rosmaster_description/share/yahboom_rosmaster_description/local_setup.dsv
[0.492s] -- Installing: /home/ejaz/mobile_ws/install/yahboom_rosmaster_description/share/yahboom_rosmaster_description/package.dsv
[0.492s] -- Installing: /home/ejaz/mobile_ws/install/yahboom_rosmaster_description/share/ament_index/resource_index/packages/yahboom_rosmaster_description
[0.492s] -- Installing: /home/ejaz/mobile_ws/install/yahboom_rosmaster_description/share/yahboom_rosmaster_description/cmake/yahboom_rosmaster_descriptionConfig.cmake
[0.492s] -- Installing: /home/ejaz/mobile_ws/install/yahboom_rosmaster_description/share/yahboom_rosmaster_description/cmake/yahboom_rosmaster_descriptionConfig-version.cmake
[0.493s] -- Installing: /home/ejaz/mobile_ws/install/yahboom_rosmaster_description/share/yahboom_rosmaster_description/package.xml
[0.494s] Invoked command in '/home/ejaz/mobile_ws/build/yahboom_rosmaster_description' returned '0': CMAKE_PREFIX_PATH=${CMAKE_PREFIX_PATH}:/opt/ros/humble /usr/bin/cmake --install /home/ejaz/mobile_ws/build/yahboom_rosmaster_description
